SF:lib\main.dart
DA:5,0
DA:8,1
DA:10,2
DA:19,1
DA:21,1
DA:22,1
DA:23,1
DA:25,1
DA:26,1
DA:27,1
DA:28,1
DA:33,1
DA:34,1
DA:40,1
DA:42,2
DA:43,1
DA:50,1
DA:51,1
DA:52,2
DA:54,3
DA:55,3
DA:58,1
DA:59,1
DA:61,0
DA:62,0
DA:74,1
DA:81,1
DA:83,1
DA:85,1
DA:86,1
DA:87,1
DA:88,1
DA:89,1
DA:90,3
DA:91,1
DA:92,1
DA:103,1
DA:105,1
DA:110,1
DA:112,1
DA:113,1
DA:114,1
DA:116,1
DA:117,3
DA:118,1
DA:119,3
DA:120,1
DA:123,1
DA:124,1
DA:127,3
DA:128,1
DA:130,2
DA:131,2
DA:132,3
DA:134,5
DA:136,0
DA:140,1
DA:149,1
DA:151,1
DA:153,1
DA:154,1
DA:155,1
DA:156,4
DA:157,4
DA:167,1
DA:169,1
DA:171,3
LF:67
LH:63
end_of_record
